0
0PROFILE AT Z =  0.00000
0    TE ANGLE       TE SLOPE  
     13.9804        -0.0605
0 N       X           Y          N       X           Y          N       X           Y          N       X           Y
  1  0.1000E+01 -0.8700E-03     21  0.4872E+00 -0.6809E-01     41  0.2564E-01  0.3135E-01     61  0.5385E+00  0.5142E-01
  2  0.9744E+00 -0.2450E-02     22  0.4615E+00 -0.6985E-01     42  0.5128E-01  0.4123E-01     62  0.5641E+00  0.5125E-01
  3  0.9487E+00 -0.3370E-02     23  0.4359E+00 -0.7088E-01     43  0.7692E-01  0.4803E-01     63  0.5897E+00  0.5121E-01
  4  0.9231E+00 -0.4130E-02     24  0.4103E+00 -0.7121E-01     44  0.1026E+00  0.5318E-01     64  0.6154E+00  0.5120E-01
  5  0.8974E+00 -0.5090E-02     25  0.3846E+00 -0.7089E-01     45  0.1282E+00  0.5711E-01     65  0.6410E+00  0.5112E-01
  6  0.8718E+00 -0.6510E-02     26  0.3590E+00 -0.7000E-01     46  0.1539E+00  0.5999E-01     66  0.6667E+00  0.5085E-01
  7  0.8461E+00 -0.8540E-02     27  0.3333E+00 -0.6862E-01     47  0.1795E+00  0.6194E-01     67  0.6923E+00  0.5027E-01
  8  0.8205E+00 -0.1124E-01     28  0.3077E+00 -0.6687E-01     48  0.2051E+00  0.6306E-01     68  0.7179E+00  0.4926E-01
  9  0.7949E+00 -0.1464E-01     29  0.2821E+00 -0.6484E-01     49  0.2308E+00  0.6343E-01     69  0.7436E+00  0.4770E-01
 10  0.7692E+00 -0.1866E-01     30  0.2564E+00 -0.6266E-01     50  0.2564E+00  0.6319E-01     70  0.7692E+00  0.4548E-01
 11  0.7436E+00 -0.2323E-01     31  0.2308E+00 -0.6041E-01     51  0.2821E+00  0.6244E-01     71  0.7949E+00  0.4254E-01
 12  0.7179E+00 -0.2822E-01     32  0.2051E+00 -0.5816E-01     52  0.3077E+00  0.6132E-01     72  0.8205E+00  0.3883E-01
 13  0.6923E+00 -0.3349E-01     33  0.1795E+00 -0.5596E-01     53  0.3333E+00  0.5995E-01     73  0.8461E+00  0.3435E-01
 14  0.6667E+00 -0.3888E-01     34  0.1539E+00 -0.5378E-01     54  0.3590E+00  0.5846E-01     74  0.8718E+00  0.2917E-01
 15  0.6410E+00 -0.4423E-01     35  0.1282E+00 -0.5151E-01     55  0.3846E+00  0.5695E-01     75  0.8974E+00  0.2343E-01
 16  0.6154E+00 -0.4940E-01     36  0.1026E+00 -0.4891E-01     56  0.4103E+00  0.5551E-01     76  0.9231E+00  0.1734E-01
 17  0.5897E+00 -0.5424E-01     37  0.7692E-01 -0.4553E-01     57  0.4359E+00  0.5424E-01     77  0.9487E+00  0.1124E-01
 18  0.5641E+00 -0.5862E-01     38  0.5128E-01 -0.4050E-01     58  0.4615E+00  0.5317E-01     78  0.9744E+00  0.5550E-02
 19  0.5385E+00 -0.6244E-01     39  0.2564E-01 -0.3174E-01     59  0.4872E+00  0.5234E-01     79  0.1000E+01  0.8700E-03
 20  0.5128E+00 -0.6561E-01     40  0.0000E+00  0.0000E+00     60  0.5128E+00  0.5177E-01
0SECTION DEFINITION AT Z =  0.00000
0      XLE            YLE          CHORD     THICKNESS RATIO       EPSIL   
      0.0000         0.0000         7.3204         1.0000        -3.4316
0
0PROFILE AT Z =  1.38530
0    TE ANGLE       TE SLOPE  
     13.9804        -0.0605
0 N       X           Y          N       X           Y          N       X           Y          N       X           Y
  1  0.1000E+01 -0.8700E-03     21  0.4872E+00 -0.6809E-01     41  0.2564E-01  0.3135E-01     61  0.5385E+00  0.5142E-01
  2  0.9744E+00 -0.2450E-02     22  0.4615E+00 -0.6985E-01     42  0.5128E-01  0.4123E-01     62  0.5641E+00  0.5125E-01
  3  0.9487E+00 -0.3370E-02     23  0.4359E+00 -0.7088E-01     43  0.7692E-01  0.4803E-01     63  0.5897E+00  0.5121E-01
  4  0.9231E+00 -0.4130E-02     24  0.4103E+00 -0.7121E-01     44  0.1026E+00  0.5318E-01     64  0.6154E+00  0.5120E-01
  5  0.8974E+00 -0.5090E-02     25  0.3846E+00 -0.7089E-01     45  0.1282E+00  0.5711E-01     65  0.6410E+00  0.5112E-01
  6  0.8718E+00 -0.6510E-02     26  0.3590E+00 -0.7000E-01     46  0.1539E+00  0.5999E-01     66  0.6667E+00  0.5085E-01
  7  0.8461E+00 -0.8540E-02     27  0.3333E+00 -0.6862E-01     47  0.1795E+00  0.6194E-01     67  0.6923E+00  0.5027E-01
  8  0.8205E+00 -0.1124E-01     28  0.3077E+00 -0.6687E-01     48  0.2051E+00  0.6306E-01     68  0.7179E+00  0.4926E-01
  9  0.7949E+00 -0.1464E-01     29  0.2821E+00 -0.6484E-01     49  0.2308E+00  0.6343E-01     69  0.7436E+00  0.4770E-01
 10  0.7692E+00 -0.1866E-01     30  0.2564E+00 -0.6266E-01     50  0.2564E+00  0.6319E-01     70  0.7692E+00  0.4548E-01
 11  0.7436E+00 -0.2323E-01     31  0.2308E+00 -0.6041E-01     51  0.2821E+00  0.6244E-01     71  0.7949E+00  0.4254E-01
 12  0.7179E+00 -0.2822E-01     32  0.2051E+00 -0.5816E-01     52  0.3077E+00  0.6132E-01     72  0.8205E+00  0.3883E-01
 13  0.6923E+00 -0.3349E-01     33  0.1795E+00 -0.5596E-01     53  0.3333E+00  0.5995E-01     73  0.8461E+00  0.3435E-01
 14  0.6667E+00 -0.3888E-01     34  0.1539E+00 -0.5378E-01     54  0.3590E+00  0.5846E-01     74  0.8718E+00  0.2917E-01
 15  0.6410E+00 -0.4423E-01     35  0.1282E+00 -0.5151E-01     55  0.3846E+00  0.5695E-01     75  0.8974E+00  0.2343E-01
 16  0.6154E+00 -0.4940E-01     36  0.1026E+00 -0.4891E-01     56  0.4103E+00  0.5551E-01     76  0.9231E+00  0.1734E-01
 17  0.5897E+00 -0.5424E-01     37  0.7692E-01 -0.4553E-01     57  0.4359E+00  0.5424E-01     77  0.9487E+00  0.1124E-01
 18  0.5641E+00 -0.5862E-01     38  0.5128E-01 -0.4050E-01     58  0.4615E+00  0.5317E-01     78  0.9744E+00  0.5550E-02
 19  0.5385E+00 -0.6244E-01     39  0.2564E-01 -0.3174E-01     59  0.4872E+00  0.5234E-01     79  0.1000E+01  0.8700E-03
 20  0.5128E+00 -0.6561E-01     40  0.0000E+00  0.0000E+00     60  0.5128E+00  0.5177E-01
0SECTION DEFINITION AT Z =  1.38530
0      XLE            YLE          CHORD     THICKNESS RATIO       EPSIL   
      0.9957         0.1212         6.3248         1.0000        -3.4316
0
0PROFILE AT Z =  5.13836
0    TE ANGLE       TE SLOPE  
     36.0028        -0.1171
0 N       X           Y          N       X           Y          N       X           Y          N       X           Y
  1  0.1000E+01 -0.1200E-03     21  0.4872E+00 -0.9181E-01     41  0.2564E-01  0.3195E-01     61  0.5385E+00  0.9860E-01
  2  0.9744E+00 -0.5170E-02     22  0.4615E+00 -0.8845E-01     42  0.5128E-01  0.4583E-01     62  0.5641E+00  0.9682E-01
  3  0.9487E+00 -0.9550E-02     23  0.4359E+00 -0.8398E-01     43  0.7692E-01  0.5835E-01     63  0.5897E+00  0.9531E-01
  4  0.9231E+00 -0.1385E-01     24  0.4103E+00 -0.7860E-01     44  0.1026E+00  0.7013E-01     64  0.6154E+00  0.9397E-01
  5  0.8974E+00 -0.1848E-01     25  0.3846E+00 -0.7255E-01     45  0.1282E+00  0.8100E-01     65  0.6410E+00  0.9270E-01
  6  0.8718E+00 -0.2366E-01     26  0.3590E+00 -0.6609E-01     46  0.1539E+00  0.9066E-01     66  0.6667E+00  0.9135E-01
  7  0.8461E+00 -0.2949E-01     27  0.3333E+00 -0.5953E-01     47  0.1795E+00  0.9890E-01     67  0.6923E+00  0.8973E-01
  8  0.8205E+00 -0.3596E-01     28  0.3077E+00 -0.5315E-01     48  0.2051E+00  0.1056E+00     68  0.7179E+00  0.8764E-01
  9  0.7949E+00 -0.4295E-01     29  0.2821E+00 -0.4726E-01     49  0.2308E+00  0.1106E+00     69  0.7436E+00  0.8488E-01
 10  0.7692E+00 -0.5029E-01     30  0.2564E+00 -0.4213E-01     50  0.2564E+00  0.1141E+00     70  0.7692E+00  0.8124E-01
 11  0.7436E+00 -0.5777E-01     31  0.2308E+00 -0.3798E-01     51  0.2821E+00  0.1161E+00     71  0.7949E+00  0.7654E-01
 12  0.7179E+00 -0.6515E-01     32  0.2051E+00 -0.3499E-01     52  0.3077E+00  0.1168E+00     72  0.8205E+00  0.7063E-01
 13  0.6923E+00 -0.7216E-01     33  0.1795E+00 -0.3322E-01     53  0.3333E+00  0.1164E+00     73  0.8461E+00  0.6342E-01
 14  0.6667E+00 -0.7857E-01     34  0.1539E+00 -0.3261E-01     54  0.3590E+00  0.1151E+00     74  0.8718E+00  0.5489E-01
 15  0.6410E+00 -0.8415E-01     35  0.1282E+00 -0.3297E-01     55  0.3846E+00  0.1131E+00     75  0.8974E+00  0.4512E-01
 16  0.6154E+00 -0.8868E-01     36  0.1026E+00 -0.3383E-01     56  0.4103E+00  0.1108E+00     76  0.9231E+00  0.3431E-01
 17  0.5897E+00 -0.9202E-01     37  0.7692E-01 -0.3445E-01     57  0.4359E+00  0.1082E+00     77  0.9487E+00  0.2282E-01
 18  0.5641E+00 -0.9404E-01     38  0.5128E-01 -0.3353E-01     58  0.4615E+00  0.1055E+00     78  0.9744E+00  0.1117E-01
 19  0.5385E+00 -0.9468E-01     39  0.2564E-01 -0.2847E-01     59  0.4872E+00  0.1030E+00     79  0.1000E+01  0.1200E-03
 20  0.5128E+00 -0.9392E-01     40  0.0000E+00  0.0000E+00     60  0.5128E+00  0.1007E+00
0SECTION DEFINITION AT Z =  5.13836
0      XLE            YLE          CHORD     THICKNESS RATIO       EPSIL   
      3.6931         0.4496         3.6273         1.0000        -4.8746
0
0PROFILE AT Z = 13.88714
0    TE ANGLE       TE SLOPE  
     21.7678        -0.2060
0 N       X           Y          N       X           Y          N       X           Y          N       X           Y
  1  0.1000E+01 -0.1220E-02     21  0.4872E+00 -0.5793E-01     41  0.2564E-01  0.2750E-01     61  0.5385E+00  0.7417E-01
  2  0.9744E+00 -0.8000E-03     22  0.4615E+00 -0.6107E-01     42  0.5128E-01  0.3689E-01     62  0.5641E+00  0.7279E-01
  3  0.9487E+00 -0.2220E-02     23  0.4359E+00 -0.6426E-01     43  0.7692E-01  0.4277E-01     63  0.5897E+00  0.7094E-01
  4  0.9231E+00 -0.4860E-02     24  0.4103E+00 -0.6741E-01     44  0.1026E+00  0.4686E-01     64  0.6154E+00  0.6868E-01
  5  0.8974E+00 -0.8260E-02     25  0.3846E+00 -0.7044E-01     45  0.1282E+00  0.4996E-01     65  0.6410E+00  0.6607E-01
  6  0.8718E+00 -0.1205E-01     26  0.3590E+00 -0.7325E-01     46  0.1539E+00  0.5254E-01     66  0.6667E+00  0.6317E-01
  7  0.8461E+00 -0.1598E-01     27  0.3333E+00 -0.7570E-01     47  0.1795E+00  0.5488E-01     67  0.6923E+00  0.6004E-01
  8  0.8205E+00 -0.1986E-01     28  0.3077E+00 -0.7766E-01     48  0.2051E+00  0.5715E-01     68  0.7179E+00  0.5676E-01
  9  0.7949E+00 -0.2356E-01     29  0.2821E+00 -0.7899E-01     49  0.2308E+00  0.5942E-01     69  0.7436E+00  0.5339E-01
 10  0.7692E+00 -0.2704E-01     30  0.2564E+00 -0.7955E-01     50  0.2564E+00  0.6173E-01     70  0.7692E+00  0.4995E-01
 11  0.7436E+00 -0.3027E-01     31  0.2308E+00 -0.7919E-01     51  0.2821E+00  0.6404E-01     71  0.7949E+00  0.4646E-01
 12  0.7179E+00 -0.3326E-01     32  0.2051E+00 -0.7779E-01     52  0.3077E+00  0.6633E-01     72  0.8205E+00  0.4290E-01
 13  0.6923E+00 -0.3606E-01     33  0.1795E+00 -0.7524E-01     53  0.3333E+00  0.6851E-01     73  0.8461E+00  0.3919E-01
 14  0.6667E+00 -0.3872E-01     34  0.1539E+00 -0.7143E-01     54  0.3590E+00  0.7052E-01     74  0.8718E+00  0.3522E-01
 15  0.6410E+00 -0.4131E-01     35  0.1282E+00 -0.6628E-01     55  0.3846E+00  0.7228E-01     75  0.8974E+00  0.3078E-01
 16  0.6154E+00 -0.4387E-01     36  0.1026E+00 -0.5973E-01     56  0.4103E+00  0.7371E-01     76  0.9231E+00  0.2560E-01
 17  0.5897E+00 -0.4647E-01     37  0.7692E-01 -0.5165E-01     57  0.4359E+00  0.7475E-01     77  0.9487E+00  0.1929E-01
 18  0.5641E+00 -0.4916E-01     38  0.5128E-01 -0.4177E-01     58  0.4615E+00  0.7535E-01     78  0.9744E+00  0.1137E-01
 19  0.5385E+00 -0.5196E-01     39  0.2564E-01 -0.2910E-01     59  0.4872E+00  0.7546E-01     79  0.1000E+01  0.1220E-02
 20  0.5128E+00 -0.5489E-01     40  0.0000E+00  0.0000E+00     60  0.5128E+00  0.7507E-01
0SECTION DEFINITION AT Z = 13.88714
0      XLE            YLE          CHORD     THICKNESS RATIO       EPSIL   
      8.0944         1.2150         1.4604         1.0000        -2.0798
0
0SECTION OF FUSELAGE AT X =   0.4000
0 N       Y           Z          N       Y           Z          N       Y           Z          N       Y           Z
  1 -0.1270E+01  0.0000E+00     15 -0.1144E+01  0.3791E+00     29 -0.7761E+00  0.5435E+00     43 -0.4588E+00  0.2914E+00
  2 -0.1270E+01  0.1507E-01     16 -0.1125E+01  0.4022E+00     30 -0.7464E+00  0.5382E+00     44 -0.4461E+00  0.2641E+00
  3 -0.1269E+01  0.4518E-01     17 -0.1104E+01  0.4240E+00     31 -0.7173E+00  0.5303E+00     45 -0.4349E+00  0.2361E+00
  4 -0.1266E+01  0.7519E-01     18 -0.1082E+01  0.4445E+00     32 -0.6890E+00  0.5200E+00     46 -0.4250E+00  0.2077E+00
  5 -0.1262E+01  0.1050E+00     19 -0.1059E+01  0.4635E+00     33 -0.6617E+00  0.5074E+00     47 -0.4164E+00  0.1788E+00
  6 -0.1256E+01  0.1347E+00     20 -0.1034E+01  0.4809E+00     34 -0.6354E+00  0.4926E+00     48 -0.4092E+00  0.1495E+00
  7 -0.1249E+01  0.1640E+00     21 -0.1008E+01  0.4965E+00     35 -0.6103E+00  0.4759E+00     49 -0.4033E+00  0.1200E+00
  8 -0.1241E+01  0.1930E+00     22 -0.9816E+00  0.5103E+00     36 -0.5865E+00  0.4574E+00     50 -0.3987E+00  0.9017E-01
  9 -0.1232E+01  0.2216E+00     23 -0.9538E+00  0.5220E+00     37 -0.5641E+00  0.4373E+00     51 -0.3955E+00  0.6021E-01
 10 -0.1221E+01  0.2496E+00     24 -0.9252E+00  0.5315E+00     38 -0.5430E+00  0.4158E+00     52 -0.3935E+00  0.3013E-01
 11 -0.1208E+01  0.2771E+00     25 -0.8960E+00  0.5388E+00     39 -0.5233E+00  0.3930E+00     53 -0.3929E+00  0.0000E+00
 12 -0.1194E+01  0.3038E+00     26 -0.8662E+00  0.5437E+00     40 -0.5051E+00  0.3690E+00
 13 -0.1179E+01  0.3298E+00     27 -0.8362E+00  0.5462E+00     41 -0.4882E+00  0.3440E+00
 14 -0.1162E+01  0.3550E+00     28 -0.8061E+00  0.5462E+00     42 -0.4728E+00  0.3181E+00
0FUSELAGE SECTION DEFINITION AT X =   0.4000
0      YF             RF      
     -0.8315         0.4387
0
0SECTION OF FUSELAGE AT X =   0.7600
0 N       Y           Z          N       Y           Z          N       Y           Z          N       Y           Z
  1 -0.1392E+01  0.0000E+00     11 -0.1199E+01  0.5415E+00     21 -0.6656E+00  0.7614E+00     31 -0.2084E+00  0.4067E+00
  2 -0.1391E+01  0.4512E-01     12 -0.1158E+01  0.5854E+00     22 -0.6065E+00  0.7498E+00     32 -0.1832E+00  0.3520E+00
  3 -0.1386E+01  0.1051E+00     13 -0.1114E+01  0.6257E+00     23 -0.5493E+00  0.7314E+00     33 -0.1619E+00  0.2957E+00
  4 -0.1377E+01  0.1646E+00     14 -0.1065E+01  0.6617E+00     24 -0.4944E+00  0.7067E+00     34 -0.1446E+00  0.2381E+00
  5 -0.1363E+01  0.2233E+00     15 -0.1014E+01  0.6931E+00     25 -0.4425E+00  0.6763E+00     35 -0.1311E+00  0.1795E+00
  6 -0.1346E+01  0.2809E+00     16 -0.9599E+00  0.7194E+00     26 -0.3940E+00  0.6408E+00     36 -0.1215E+00  0.1200E+00
  7 -0.1325E+01  0.3372E+00     17 -0.9035E+00  0.7401E+00     27 -0.3491E+00  0.6007E+00     37 -0.1158E+00  0.6015E-01
  8 -0.1299E+01  0.3917E+00     18 -0.8452E+00  0.7550E+00     28 -0.3080E+00  0.5568E+00     38 -0.1139E+00  0.0000E+00
  9 -0.1270E+01  0.4442E+00     19 -0.7857E+00  0.7637E+00     29 -0.2708E+00  0.5095E+00
 10 -0.1237E+01  0.4943E+00     20 -0.7255E+00  0.7660E+00     30 -0.2376E+00  0.4593E+00
0FUSELAGE SECTION DEFINITION AT X =   0.7600
0      YF             RF      
     -0.7530         0.6391
0
0SECTION OF FUSELAGE AT X =   1.5050
0 N       Y           Z          N       Y           Z          N       Y           Z          N       Y           Z
  1 -0.1549E+01  0.0000E+00     10 -0.1272E+01  0.7272E+00     19 -0.5532E+00  0.1048E+01     28  0.1343E+00  0.6763E+00
  2 -0.1547E+01  0.7505E-01     11 -0.1209E+01  0.7911E+00     20 -0.4633E+00  0.1043E+01     29  0.1842E+00  0.6012E+00
  3 -0.1537E+01  0.1646E+00     12 -0.1140E+01  0.8491E+00     21 -0.3746E+00  0.1027E+01     30  0.2276E+00  0.5223E+00
  4 -0.1520E+01  0.2531E+00     13 -0.1066E+01  0.9006E+00     22 -0.2883E+00  0.1001E+01     31  0.2644E+00  0.4400E+00
  5 -0.1496E+01  0.3399E+00     14 -0.9874E+00  0.9451E+00     23 -0.2054E+00  0.9656E+00     32  0.2945E+00  0.3551E+00
  6 -0.1465E+01  0.4244E+00     15 -0.9053E+00  0.9821E+00     24 -0.1267E+00  0.9219E+00     33  0.3179E+00  0.2681E+00
  7 -0.1426E+01  0.5060E+00     16 -0.8200E+00  0.1011E+01     25 -0.5286E-01  0.8702E+00     34  0.3347E+00  0.1796E+00
  8 -0.1381E+01  0.5840E+00     17 -0.7324E+00  0.1032E+01     26  0.1550E-01  0.8115E+00     35  0.3447E+00  0.9004E-01
  9 -0.1330E+01  0.6580E+00     18 -0.6432E+00  0.1045E+01     27  0.7797E-01  0.7466E+00     36  0.3481E+00  0.0000E+00
0FUSELAGE SECTION DEFINITION AT X =   1.5050
0      YF             RF      
     -0.6006         0.9487
0
0SECTION OF FUSELAGE AT X =   2.3190
0 N       Y           Z          N       Y           Z          N       Y           Z          N       Y           Z
  1 -0.1632E+01  0.0000E+00     12 -0.1232E+01  0.8772E+00     23 -0.3340E+00  0.1239E+01     34  0.5245E+00  0.8017E+00
  2 -0.1626E+01  0.8975E-01     13 -0.1164E+01  0.9361E+00     24 -0.2444E+00  0.1231E+01     35  0.5832E+00  0.7335E+00
  3 -0.1613E+01  0.1788E+00     14 -0.1092E+01  0.9900E+00     25 -0.1558E+00  0.1216E+01     36  0.6382E+00  0.6624E+00
  4 -0.1594E+01  0.2667E+00     15 -0.1016E+01  0.1038E+01     26 -0.6879E-01  0.1193E+01     37  0.6895E+00  0.5884E+00
  5 -0.1569E+01  0.3530E+00     16 -0.9371E+00  0.1082E+01     27  0.1618E-01  0.1164E+01     38  0.7364E+00  0.5117E+00
  6 -0.1537E+01  0.4372E+00     17 -0.8562E+00  0.1121E+01     28  0.9866E-01  0.1128E+01     39  0.7786E+00  0.4323E+00
  7 -0.1500E+01  0.5189E+00     18 -0.7732E+00  0.1156E+01     29  0.1783E+00  0.1086E+01     40  0.8154E+00  0.3502E+00
  8 -0.1457E+01  0.5979E+00     19 -0.6883E+00  0.1186E+01     30  0.2548E+00  0.1038E+01     41  0.8459E+00  0.2656E+00
  9 -0.1408E+01  0.6735E+00     20 -0.6016E+00  0.1210E+01     31  0.3279E+00  0.9860E+00     42  0.8689E+00  0.1786E+00
 10 -0.1354E+01  0.7455E+00     21 -0.5133E+00  0.1227E+01     32  0.3973E+00  0.9288E+00     43  0.8831E+00  0.8982E-01
 11 -0.1295E+01  0.8135E+00     22 -0.4239E+00  0.1237E+01     33  0.4625E+00  0.8669E+00     44  0.8871E+00  0.0000E+00
0FUSELAGE SECTION DEFINITION AT X =   2.3190
0      YF             RF      
     -0.3724         1.2595
0
0SECTION OF FUSELAGE AT X =   4.0110
0 N       Y           Z          N       Y           Z          N       Y           Z          N       Y           Z
  1 -0.1690E+01  0.0000E+00     15 -0.6779E+00  0.1289E+01     29  0.4859E+00  0.1348E+01     43  0.1279E+01  0.6861E+00
  2 -0.1689E+01  0.3000E-01     16 -0.5379E+00  0.1344E+01     30  0.5558E+00  0.1320E+01     44  0.1321E+01  0.6242E+00
  3 -0.1686E+01  0.5995E-01     17 -0.3959E+00  0.1393E+01     31  0.6245E+00  0.1290E+01     45  0.1362E+01  0.5609E+00
  4 -0.1683E+01  0.8984E-01     18 -0.3235E+00  0.1413E+01     32  0.6921E+00  0.1257E+01     46  0.1400E+01  0.4961E+00
  5 -0.1658E+01  0.2379E+00     19 -0.2502E+00  0.1429E+01     33  0.7579E+00  0.1221E+01     47  0.1435E+01  0.4298E+00
  6 -0.1617E+01  0.3822E+00     20 -0.1761E+00  0.1441E+01     34  0.8211E+00  0.1181E+01     48  0.1467E+01  0.3620E+00
  7 -0.1560E+01  0.5211E+00     21 -0.1015E+00  0.1449E+01     35  0.8789E+00  0.1133E+01     49  0.1496E+01  0.2925E+00
  8 -0.1489E+01  0.6532E+00     22 -0.2650E-01  0.1453E+01     36  0.9338E+00  0.1082E+01     50  0.1520E+01  0.2215E+00
  9 -0.1404E+01  0.7770E+00     23  0.4851E-01  0.1449E+01     37  0.9875E+00  0.1029E+01     51  0.1539E+01  0.1489E+00
 10 -0.1307E+01  0.8913E+00     24  0.1232E+00  0.1442E+01     38  0.1040E+01  0.9752E+00     52  0.1552E+01  0.7491E-01
 11 -0.1198E+01  0.9950E+00     25  0.1974E+00  0.1430E+01     39  0.1091E+01  0.9200E+00     53  0.1557E+01  0.0000E+00
 12 -0.1079E+01  0.1087E+01     26  0.2709E+00  0.1415E+01     40  0.1140E+01  0.8635E+00
 13 -0.9515E+00  0.1166E+01     27  0.3434E+00  0.1395E+01     41  0.1188E+01  0.8057E+00
 14 -0.8163E+00  0.1231E+01     28  0.4150E+00  0.1373E+01     42  0.1234E+01  0.7466E+00
0FUSELAGE SECTION DEFINITION AT X =   4.0110
0      YF             RF      
     -0.0667         1.6235
0
0SECTION OF FUSELAGE AT X =   5.3230
0 N       Y           Z          N       Y           Z          N       Y           Z          N       Y           Z
  1 -0.1700E+01  0.0000E+00     16 -0.1128E+01  0.1090E+01     31  0.1418E+00  0.1503E+01     46  0.1297E+01  0.9066E+00
  2 -0.1699E+01  0.1500E-01     17 -0.1054E+01  0.1141E+01     32  0.2318E+00  0.1500E+01     47  0.1352E+01  0.8351E+00
  3 -0.1694E+01  0.1049E+00     18 -0.9763E+00  0.1186E+01     33  0.3215E+00  0.1493E+01     48  0.1403E+01  0.7610E+00
  4 -0.1682E+01  0.1941E+00     19 -0.8960E+00  0.1227E+01     34  0.4107E+00  0.1480E+01     49  0.1450E+01  0.6843E+00
  5 -0.1665E+01  0.2824E+00     20 -0.8133E+00  0.1263E+01     35  0.4989E+00  0.1462E+01     50  0.1493E+01  0.6052E+00
  6 -0.1642E+01  0.3694E+00     21 -0.7285E+00  0.1293E+01     36  0.5858E+00  0.1439E+01     51  0.1532E+01  0.5238E+00
  7 -0.1613E+01  0.4547E+00     22 -0.6433E+00  0.1322E+01     37  0.6709E+00  0.1409E+01     52  0.1565E+01  0.4403E+00
  8 -0.1578E+01  0.5378E+00     23 -0.5580E+00  0.1351E+01     38  0.7528E+00  0.1372E+01     53  0.1594E+01  0.3549E+00
  9 -0.1538E+01  0.6186E+00     24 -0.4726E+00  0.1379E+01     39  0.8296E+00  0.1325E+01     54  0.1617E+01  0.2678E+00
 10 -0.1494E+01  0.6966E+00     25 -0.3871E+00  0.1408E+01     40  0.9042E+00  0.1275E+01     55  0.1633E+01  0.1794E+00
 11 -0.1444E+01  0.7715E+00     26 -0.3015E+00  0.1435E+01     41  0.9765E+00  0.1221E+01     56  0.1644E+01  0.8994E-01
 12 -0.1389E+01  0.8431E+00     27 -0.2148E+00  0.1460E+01     42  0.1046E+01  0.1164E+01     57  0.1647E+01  0.0000E+00
 13 -0.1330E+01  0.9110E+00     28 -0.1267E+00  0.1478E+01     43  0.1113E+01  0.1104E+01
 14 -0.1267E+01  0.9750E+00     29 -0.3777E-01  0.1492E+01     44  0.1178E+01  0.1041E+01
 15 -0.1199E+01  0.1035E+01     30  0.5187E-01  0.1500E+01     45  0.1239E+01  0.9753E+00
0FUSELAGE SECTION DEFINITION AT X =   5.3230
0      YF             RF      
     -0.0262         1.6735
0
0SECTION OF FUSELAGE AT X =   6.8200
0 N       Y           Z          N       Y           Z          N       Y           Z          N       Y           Z
  1 -0.1700E+01  0.0000E+00     16 -0.1107E+01  0.1120E+01     31  0.1711E+00  0.1505E+01     46  0.1336E+01  0.9194E+00
  2 -0.1699E+01  0.5993E-01     17 -0.1031E+01  0.1168E+01     32  0.2609E+00  0.1501E+01     47  0.1389E+01  0.8467E+00
  3 -0.1692E+01  0.1496E+00     18 -0.9523E+00  0.1211E+01     33  0.3503E+00  0.1491E+01     48  0.1438E+01  0.7709E+00
  4 -0.1679E+01  0.2385E+00     19 -0.8706E+00  0.1249E+01     34  0.4390E+00  0.1476E+01     49  0.1481E+01  0.6923E+00
  5 -0.1660E+01  0.3265E+00     20 -0.7867E+00  0.1281E+01     35  0.5266E+00  0.1456E+01     50  0.1520E+01  0.6113E+00
  6 -0.1636E+01  0.4130E+00     21 -0.7012E+00  0.1309E+01     36  0.6128E+00  0.1430E+01     51  0.1554E+01  0.5281E+00
  7 -0.1605E+01  0.4976E+00     22 -0.6156E+00  0.1336E+01     37  0.6974E+00  0.1400E+01     52  0.1583E+01  0.4430E+00
  8 -0.1570E+01  0.5801E+00     23 -0.5300E+00  0.1364E+01     38  0.7800E+00  0.1364E+01     53  0.1607E+01  0.3563E+00
  9 -0.1528E+01  0.6600E+00     24 -0.4444E+00  0.1391E+01     39  0.8604E+00  0.1324E+01     54  0.1626E+01  0.2683E+00
 10 -0.1482E+01  0.7371E+00     25 -0.3587E+00  0.1419E+01     40  0.9381E+00  0.1279E+01     55  0.1639E+01  0.1794E+00
 11 -0.1431E+01  0.8108E+00     26 -0.2729E+00  0.1446E+01     41  0.1013E+01  0.1229E+01     56  0.1647E+01  0.8987E-01
 12 -0.1374E+01  0.8810E+00     27 -0.1859E+00  0.1468E+01     42  0.1085E+01  0.1175E+01     57  0.1650E+01  0.0000E+00
 13 -0.1314E+01  0.9474E+00     28 -0.9761E-01  0.1485E+01     43  0.1153E+01  0.1117E+01
 14 -0.1249E+01  0.1010E+01     29 -0.8480E-02  0.1497E+01     44  0.1218E+01  0.1055E+01
 15 -0.1180E+01  0.1067E+01     30  0.8119E-01  0.1504E+01     45  0.1279E+01  0.9890E+00
0FUSELAGE SECTION DEFINITION AT X =   6.8200
0      YF             RF      
     -0.0250         1.6750
0
0SECTION OF FUSELAGE AT X =   8.8100
0 N       Y           Z          N       Y           Z          N       Y           Z          N       Y           Z
  1 -0.1728E+01  0.0000E+00     16 -0.1202E+01  0.1100E+01     31  0.7869E-01  0.1504E+01     46  0.1279E+01  0.9898E+00
  2 -0.1728E+01  0.3000E-01     17 -0.1119E+01  0.1135E+01     32  0.1687E+00  0.1505E+01     47  0.1336E+01  0.9203E+00
  3 -0.1725E+01  0.1200E+00     18 -0.1035E+01  0.1167E+01     33  0.2586E+00  0.1501E+01     48  0.1389E+01  0.8474E+00
  4 -0.1717E+01  0.2096E+00     19 -0.9556E+00  0.1210E+01     34  0.3481E+00  0.1491E+01     49  0.1437E+01  0.7716E+00
  5 -0.1705E+01  0.2988E+00     20 -0.8739E+00  0.1248E+01     35  0.4369E+00  0.1476E+01     50  0.1481E+01  0.6930E+00
  6 -0.1688E+01  0.3872E+00     21 -0.7899E+00  0.1280E+01     36  0.5246E+00  0.1456E+01     51  0.1520E+01  0.6119E+00
  7 -0.1667E+01  0.4747E+00     22 -0.7043E+00  0.1308E+01     37  0.6110E+00  0.1431E+01     52  0.1554E+01  0.5286E+00
  8 -0.1641E+01  0.5610E+00     23 -0.6187E+00  0.1335E+01     38  0.6957E+00  0.1401E+01     53  0.1583E+01  0.4434E+00
  9 -0.1612E+01  0.6459E+00     24 -0.5330E+00  0.1363E+01     39  0.7784E+00  0.1365E+01     54  0.1607E+01  0.3566E+00
 10 -0.1576E+01  0.7286E+00     25 -0.4473E+00  0.1390E+01     40  0.8589E+00  0.1325E+01     55  0.1626E+01  0.2686E+00
 11 -0.1534E+01  0.8082E+00     26 -0.3616E+00  0.1418E+01     41  0.9368E+00  0.1280E+01     56  0.1639E+01  0.1796E+00
 12 -0.1484E+01  0.8831E+00     27 -0.2757E+00  0.1445E+01     42  0.1012E+01  0.1230E+01     57  0.1647E+01  0.8996E-01
 13 -0.1425E+01  0.9509E+00     28 -0.1886E+00  0.1468E+01     43  0.1084E+01  0.1176E+01     58  0.1650E+01  0.0000E+00
 14 -0.1357E+01  0.1010E+01     29 -0.1003E+00  0.1485E+01     44  0.1153E+01  0.1118E+01
 15 -0.1282E+01  0.1059E+01     30 -0.1107E-01  0.1497E+01     45  0.1218E+01  0.1056E+01
0FUSELAGE SECTION DEFINITION AT X =   8.8100
0      YF             RF      
     -0.0391         1.6891
0
0SECTION OF FUSELAGE AT X =  10.8450
0 N       Y           Z          N       Y           Z          N       Y           Z          N       Y           Z
  1 -0.1976E+01  0.0000E+00     15 -0.1553E+01  0.1257E+01     29 -0.1114E+00  0.1483E+01     43  0.1229E+01  0.1044E+01
  2 -0.1976E+01  0.2996E-01     16 -0.1453E+01  0.1288E+01     30 -0.7500E-02  0.1497E+01     44  0.1299E+01  0.9658E+00
  3 -0.1974E+01  0.1348E+00     17 -0.1350E+01  0.1304E+01     31  0.9711E-01  0.1504E+01     45  0.1364E+01  0.8831E+00
  4 -0.1968E+01  0.2395E+00     18 -0.1245E+01  0.1315E+01     32  0.2020E+00  0.1504E+01     46  0.1422E+01  0.7962E+00
  5 -0.1958E+01  0.3439E+00     19 -0.1141E+01  0.1325E+01     33  0.3065E+00  0.1496E+01     47  0.1474E+01  0.7053E+00
  6 -0.1945E+01  0.4480E+00     20 -0.1036E+01  0.1333E+01     34  0.4103E+00  0.1481E+01     48  0.1520E+01  0.6110E+00
  7 -0.1930E+01  0.5517E+00     21 -0.9317E+00  0.1340E+01     35  0.5128E+00  0.1459E+01     49  0.1560E+01  0.5138E+00
  8 -0.1911E+01  0.6549E+00     22 -0.8270E+00  0.1345E+01     36  0.6135E+00  0.1430E+01     50  0.1592E+01  0.4141E+00
  9 -0.1890E+01  0.7575E+00     23 -0.7222E+00  0.1349E+01     37  0.7120E+00  0.1394E+01     51  0.1617E+01  0.3123E+00
 10 -0.1863E+01  0.8590E+00     24 -0.6174E+00  0.1354E+01     38  0.8077E+00  0.1351E+01     52  0.1635E+01  0.2091E+00
 11 -0.1829E+01  0.9582E+00     25 -0.5146E+00  0.1369E+01     39  0.9001E+00  0.1302E+01     53  0.1646E+01  0.1048E+00
 12 -0.1784E+01  0.1053E+01     26 -0.4147E+00  0.1401E+01     40  0.9889E+00  0.1246E+01     54  0.1650E+01  0.0000E+00
 13 -0.1724E+01  0.1138E+01     27 -0.3149E+00  0.1433E+01     41  0.1074E+01  0.1184E+01
 14 -0.1646E+01  0.1208E+01     28 -0.2140E+00  0.1462E+01     42  0.1154E+01  0.1117E+01
0FUSELAGE SECTION DEFINITION AT X =  10.8450
0      YF             RF      
     -0.1632         1.8132
0
0SECTION OF FUSELAGE AT X =  12.7320
0 N       Y           Z          N       Y           Z          N       Y           Z          N       Y           Z
  1 -0.2083E+01  0.0000E+00     15 -0.1685E+01  0.1355E+01     29 -0.2309E+00  0.1457E+01     43  0.1142E+01  0.1128E+01
  2 -0.2081E+01  0.1049E+00     16 -0.1586E+01  0.1390E+01     30 -0.1284E+00  0.1480E+01     44  0.1218E+01  0.1055E+01
  3 -0.2077E+01  0.2098E+00     17 -0.1483E+01  0.1407E+01     31 -0.2461E-01  0.1495E+01     45  0.1289E+01  0.9780E+00
  4 -0.2069E+01  0.3145E+00     18 -0.1378E+01  0.1410E+01     32  0.8001E-01  0.1504E+01     46  0.1354E+01  0.8959E+00
  5 -0.2059E+01  0.4189E+00     19 -0.1273E+01  0.1411E+01     33  0.1849E+00  0.1504E+01     47  0.1414E+01  0.8095E+00
  6 -0.2046E+01  0.5231E+00     20 -0.1168E+01  0.1411E+01     34  0.2897E+00  0.1498E+01     48  0.1467E+01  0.7191E+00
  7 -0.2031E+01  0.6269E+00     21 -0.1063E+01  0.1411E+01     35  0.3937E+00  0.1484E+01     49  0.1514E+01  0.6252E+00
  8 -0.2013E+01  0.7305E+00     22 -0.9582E+00  0.1411E+01     36  0.4965E+00  0.1463E+01     50  0.1554E+01  0.5283E+00
  9 -0.1994E+01  0.8336E+00     23 -0.8533E+00  0.1411E+01     37  0.5977E+00  0.1435E+01     51  0.1588E+01  0.4288E+00
 10 -0.1970E+01  0.9359E+00     24 -0.7483E+00  0.1410E+01     38  0.6966E+00  0.1400E+01     52  0.1614E+01  0.3272E+00
 11 -0.1940E+01  0.1036E+01     25 -0.6434E+00  0.1409E+01     39  0.7928E+00  0.1358E+01     53  0.1633E+01  0.2241E+00
 12 -0.1900E+01  0.1133E+01     26 -0.5384E+00  0.1409E+01     40  0.8859E+00  0.1310E+01     54  0.1645E+01  0.1198E+00
 13 -0.1845E+01  0.1223E+01     27 -0.4335E+00  0.1408E+01     41  0.9754E+00  0.1255E+01     55  0.1650E+01  0.1499E-01
 14 -0.1774E+01  0.1299E+01     28 -0.3315E+00  0.1428E+01     42  0.1061E+01  0.1194E+01     56  0.1650E+01  0.0000E+00
0FUSELAGE SECTION DEFINITION AT X =  12.7320
0      YF             RF      
     -0.2166         1.8666
0
0SECTION OF FUSELAGE AT X =  13.8800
0 N       Y           Z          N       Y           Z          N       Y           Z          N       Y           Z
  1 -0.2091E+01  0.0000E+00     15 -0.1763E+01  0.1324E+01     29 -0.3176E+00  0.1432E+01     43  0.1073E+01  0.1185E+01
  2 -0.2091E+01  0.2999E-01     16 -0.1674E+01  0.1379E+01     30 -0.2166E+00  0.1461E+01     44  0.1153E+01  0.1118E+01
  3 -0.2088E+01  0.1349E+00     17 -0.1575E+01  0.1414E+01     31 -0.1139E+00  0.1483E+01     45  0.1228E+01  0.1045E+01
  4 -0.2081E+01  0.2397E+00     18 -0.1471E+01  0.1431E+01     32 -0.9980E-02  0.1497E+01     46  0.1299E+01  0.9667E+00
  5 -0.2073E+01  0.3443E+00     19 -0.1367E+01  0.1434E+01     33  0.9473E-01  0.1504E+01     47  0.1363E+01  0.8839E+00
  6 -0.2061E+01  0.4486E+00     20 -0.1262E+01  0.1433E+01     34  0.1997E+00  0.1504E+01     48  0.1422E+01  0.7969E+00
  7 -0.2047E+01  0.5526E+00     21 -0.1157E+01  0.1432E+01     35  0.3044E+00  0.1497E+01     49  0.1474E+01  0.7060E+00
  8 -0.2030E+01  0.6563E+00     22 -0.1052E+01  0.1431E+01     36  0.4083E+00  0.1482E+01     50  0.1520E+01  0.6116E+00
  9 -0.2012E+01  0.7597E+00     23 -0.9466E+00  0.1431E+01     37  0.5109E+00  0.1460E+01     51  0.1559E+01  0.5143E+00
 10 -0.1991E+01  0.8626E+00     24 -0.8417E+00  0.1430E+01     38  0.6118E+00  0.1431E+01     52  0.1592E+01  0.4145E+00
 11 -0.1966E+01  0.9644E+00     25 -0.7367E+00  0.1430E+01     39  0.7103E+00  0.1395E+01     53  0.1617E+01  0.3126E+00
 12 -0.1934E+01  0.1064E+01     26 -0.6317E+00  0.1429E+01     40  0.8062E+00  0.1352E+01     54  0.1635E+01  0.2093E+00
 13 -0.1891E+01  0.1160E+01     27 -0.5268E+00  0.1429E+01     41  0.8988E+00  0.1303E+01     55  0.1646E+01  0.1049E+00
 14 -0.1836E+01  0.1249E+01     28 -0.4218E+00  0.1428E+01     42  0.9877E+00  0.1247E+01     56  0.1650E+01  0.0000E+00
0FUSELAGE SECTION DEFINITION AT X =  13.8800
0      YF             RF      
     -0.2205         1.8705
0
0SECTION OF FUSELAGE AT X =  16.0787
0 N       Y           Z          N       Y           Z          N       Y           Z          N       Y           Z
  1 -0.1985E+01  0.0000E+00     15 -0.1559E+01  0.1298E+01     29 -0.1126E+00  0.1483E+01     43  0.1229E+01  0.1044E+01
  2 -0.1984E+01  0.4495E-01     16 -0.1464E+01  0.1343E+01     30 -0.8700E-02  0.1497E+01     44  0.1299E+01  0.9662E+00
  3 -0.1979E+01  0.1497E+00     17 -0.1364E+01  0.1371E+01     31  0.9596E-01  0.1504E+01     45  0.1363E+01  0.8835E+00
  4 -0.1970E+01  0.2543E+00     18 -0.1260E+01  0.1386E+01     32  0.2008E+00  0.1504E+01     46  0.1422E+01  0.7965E+00
  5 -0.1957E+01  0.3584E+00     19 -0.1155E+01  0.1393E+01     33  0.3055E+00  0.1496E+01     47  0.1474E+01  0.7056E+00
  6 -0.1941E+01  0.4620E+00     20 -0.1050E+01  0.1399E+01     34  0.4093E+00  0.1482E+01     48  0.1520E+01  0.6113E+00
  7 -0.1921E+01  0.5651E+00     21 -0.9455E+00  0.1404E+01     35  0.5119E+00  0.1460E+01     49  0.1559E+01  0.5140E+00
  8 -0.1898E+01  0.6674E+00     22 -0.8407E+00  0.1409E+01     36  0.6127E+00  0.1431E+01     50  0.1592E+01  0.4142E+00
  9 -0.1872E+01  0.7692E+00     23 -0.7360E+00  0.1415E+01     37  0.7112E+00  0.1394E+01     51  0.1617E+01  0.3125E+00
 10 -0.1843E+01  0.8698E+00     24 -0.6312E+00  0.1421E+01     38  0.8069E+00  0.1352E+01     52  0.1635E+01  0.2092E+00
 11 -0.1807E+01  0.9686E+00     25 -0.5265E+00  0.1427E+01     39  0.8995E+00  0.1302E+01     53  0.1646E+01  0.1048E+00
 12 -0.1764E+01  0.1064E+01     26 -0.4217E+00  0.1433E+01     40  0.9883E+00  0.1247E+01     54  0.1650E+01  0.0000E+00
 13 -0.1710E+01  0.1154E+01     27 -0.3169E+00  0.1437E+01     41  0.1073E+01  0.1185E+01
 14 -0.1642E+01  0.1233E+01     28 -0.2153E+00  0.1461E+01     42  0.1153E+01  0.1117E+01
0FUSELAGE SECTION DEFINITION AT X =  16.0787
0      YF             RF      
     -0.1674         1.8174
0
0SECTION OF FUSELAGE AT X =  18.0170
0 N       Y           Z          N       Y           Z          N       Y           Z          N       Y           Z
  1 -0.1758E+01  0.0000E+00     14 -0.1200E+01  0.1182E+01     27  0.1191E+00  0.1504E+01     40  0.1314E+01  0.9570E+00
  2 -0.1753E+01  0.1047E+00     15 -0.1105E+01  0.1226E+01     28  0.2239E+00  0.1504E+01     41  0.1377E+01  0.8731E+00
  3 -0.1742E+01  0.2090E+00     16 -0.1005E+01  0.1259E+01     29  0.3285E+00  0.1497E+01     42  0.1434E+01  0.7850E+00
  4 -0.1725E+01  0.3124E+00     17 -0.9037E+00  0.1285E+01     30  0.4323E+00  0.1482E+01     43  0.1485E+01  0.6932E+00
  5 -0.1701E+01  0.4146E+00     18 -0.8013E+00  0.1308E+01     31  0.5347E+00  0.1459E+01     44  0.1529E+01  0.5981E+00
  6 -0.1672E+01  0.5153E+00     19 -0.6988E+00  0.1329E+01     32  0.6353E+00  0.1430E+01     45  0.1566E+01  0.5001E+00
  7 -0.1638E+01  0.6143E+00     20 -0.5962E+00  0.1351E+01     33  0.7334E+00  0.1393E+01     46  0.1597E+01  0.3999E+00
  8 -0.1598E+01  0.7113E+00     21 -0.4936E+00  0.1373E+01     34  0.8288E+00  0.1349E+01     47  0.1620E+01  0.2977E+00
  9 -0.1553E+01  0.8058E+00     22 -0.3925E+00  0.1400E+01     35  0.9207E+00  0.1299E+01     48  0.1637E+01  0.1942E+00
 10 -0.1500E+01  0.8966E+00     23 -0.2929E+00  0.1433E+01     36  0.1009E+01  0.1242E+01     49  0.1647E+01  0.8983E-01
 11 -0.1440E+01  0.9822E+00     24 -0.1920E+00  0.1461E+01     37  0.1093E+01  0.1179E+01     50  0.1649E+01  0.0000E+00
 12 -0.1370E+01  0.1060E+01     25 -0.8934E-01  0.1483E+01     38  0.1172E+01  0.1110E+01
 13 -0.1289E+01  0.1128E+01     26  0.1450E-01  0.1497E+01     39  0.1246E+01  0.1036E+01
0FUSELAGE SECTION DEFINITION AT X =  18.0170
0      YF             RF      
     -0.0544         1.7037
0
0SECTION OF FUSELAGE AT X =  20.0520
0 N       Y           Z          N       Y           Z          N       Y           Z          N       Y           Z
  1 -0.1512E+01  0.0000E+00     13 -0.9275E+00  0.1067E+01     25  0.2405E+00  0.1508E+01     37  0.1328E+01  0.9858E+00
  2 -0.1505E+01  0.1047E+00     14 -0.8409E+00  0.1127E+01     26  0.3454E+00  0.1510E+01     38  0.1387E+01  0.8990E+00
  3 -0.1489E+01  0.2085E+00     15 -0.7504E+00  0.1180E+01     27  0.4502E+00  0.1504E+01     39  0.1440E+01  0.8083E+00
  4 -0.1465E+01  0.3106E+00     16 -0.6566E+00  0.1227E+01     28  0.5540E+00  0.1488E+01     40  0.1487E+01  0.7141E+00
  5 -0.1432E+01  0.4103E+00     17 -0.5602E+00  0.1269E+01     29  0.6560E+00  0.1464E+01     41  0.1527E+01  0.6170E+00
  6 -0.1391E+01  0.5071E+00     18 -0.4633E+00  0.1309E+01     30  0.7556E+00  0.1430E+01     42  0.1560E+01  0.5176E+00
  7 -0.1343E+01  0.6004E+00     19 -0.3659E+00  0.1348E+01     31  0.8518E+00  0.1388E+01     43  0.1588E+01  0.4163E+00
  8 -0.1288E+01  0.6900E+00     20 -0.2681E+00  0.1386E+01     32  0.9441E+00  0.1338E+01     44  0.1609E+01  0.3134E+00
  9 -0.1227E+01  0.7752E+00     21 -0.1697E+00  0.1423E+01     33  0.1032E+01  0.1281E+01     45  0.1624E+01  0.2095E+00
 10 -0.1160E+01  0.8559E+00     22 -0.6942E-01  0.1454E+01     34  0.1115E+01  0.1216E+01     46  0.1633E+01  0.1049E+00
 11 -0.1087E+01  0.9317E+00     23  0.3264E-01  0.1479E+01     35  0.1192E+01  0.1145E+01     47  0.1636E+01  0.0000E+00
 12 -0.1010E+01  0.1002E+01     24  0.1361E+00  0.1497E+01     36  0.1263E+01  0.1068E+01
0FUSELAGE SECTION DEFINITION AT X =  20.0520
0      YF             RF      
      0.0620         1.5736
0
0SECTION OF FUSELAGE AT X =  21.8880
0 N       Y           Z          N       Y           Z          N       Y           Z          N       Y           Z
  1 -0.1231E+01  0.0000E+00     12 -0.7585E+00  0.9524E+00     23  0.2939E+00  0.1437E+01     34  0.1302E+01  0.1002E+01
  2 -0.1230E+01  0.4502E-01     13 -0.6770E+00  0.1019E+01     24  0.3984E+00  0.1448E+01     35  0.1362E+01  0.9158E+00
  3 -0.1220E+01  0.1496E+00     14 -0.5912E+00  0.1079E+01     25  0.5034E+00  0.1448E+01     36  0.1421E+01  0.8116E+00
  4 -0.1200E+01  0.2527E+00     15 -0.5015E+00  0.1134E+01     26  0.6079E+00  0.1437E+01     37  0.1466E+01  0.7166E+00
  5 -0.1171E+01  0.3535E+00     16 -0.4086E+00  0.1183E+01     27  0.7107E+00  0.1416E+01     38  0.1505E+01  0.6189E+00
  6 -0.1133E+01  0.4514E+00     17 -0.3143E+00  0.1229E+01     28  0.8107E+00  0.1384E+01     39  0.1537E+01  0.5189E+00
  7 -0.1087E+01  0.5459E+00     18 -0.2190E+00  0.1274E+01     29  0.9067E+00  0.1341E+01     40  0.1563E+01  0.4170E+00
  8 -0.1033E+01  0.6363E+00     19 -0.1227E+00  0.1316E+01     30  0.9979E+00  0.1289E+01     41  0.1582E+01  0.3139E+00
  9 -0.9734E+00  0.7225E+00     20 -0.2521E-01  0.1355E+01     31  0.1084E+01  0.1228E+01     42  0.1596E+01  0.2097E+00
 10 -0.9072E+00  0.8041E+00     21  0.8885E-01  0.1392E+01     32  0.1163E+01  0.1159E+01     43  0.1605E+01  0.1050E+00
 11 -0.8354E+00  0.8808E+00     22  0.1907E+00  0.1418E+01     33  0.1236E+01  0.1084E+01     44  0.1607E+01  0.0000E+00
0FUSELAGE SECTION DEFINITION AT X =  21.8880
0      YF             RF      
      0.1882         1.4191
0
0SECTION OF FUSELAGE AT X =  23.7130
0 N       Y           Z          N       Y           Z          N       Y           Z          N       Y           Z
  1 -0.8803E+00  0.0000E+00     14 -0.4304E+00  0.8261E+00     27  0.4729E+00  0.1158E+01     40  0.1314E+01  0.7463E+00
  2 -0.8776E+00  0.7494E-01     15 -0.3694E+00  0.8697E+00     28  0.5479E+00  0.1158E+01     41  0.1372E+01  0.6589E+00
  3 -0.8682E+00  0.1494E+00     16 -0.3061E+00  0.9099E+00     29  0.6227E+00  0.1153E+01     42  0.1415E+01  0.5800E+00
  4 -0.8525E+00  0.2227E+00     17 -0.2406E+00  0.9466E+00     30  0.6968E+00  0.1141E+01     43  0.1447E+01  0.5118E+00
  5 -0.8308E+00  0.2945E+00     18 -0.1736E+00  0.9802E+00     31  0.7699E+00  0.1124E+01     44  0.1474E+01  0.4419E+00
  6 -0.8035E+00  0.3643E+00     19 -0.1054E+00  0.1011E+01     32  0.8414E+00  0.1102E+01     45  0.1496E+01  0.3704E+00
  7 -0.7710E+00  0.4320E+00     20 -0.3615E-01  0.1040E+01     33  0.9111E+00  0.1074E+01     46  0.1515E+01  0.2977E+00
  8 -0.7338E+00  0.4971E+00     21  0.3398E-01  0.1067E+01     34  0.9783E+00  0.1041E+01     47  0.1529E+01  0.2241E+00
  9 -0.6922E+00  0.5595E+00     22  0.1050E+00  0.1091E+01     35  0.1043E+01  0.1003E+01     48  0.1539E+01  0.1497E+00
 10 -0.6466E+00  0.6190E+00     23  0.1770E+00  0.1112E+01     36  0.1104E+01  0.9596E+00     49  0.1545E+01  0.7498E-01
 11 -0.5973E+00  0.6756E+00     24  0.2500E+00  0.1129E+01     37  0.1162E+01  0.9121E+00     50  0.1547E+01  0.0000E+00
 12 -0.5447E+00  0.7290E+00     25  0.3237E+00  0.1143E+01     38  0.1217E+01  0.8605E+00
 13 -0.4890E+00  0.7792E+00     26  0.3981E+00  0.1153E+01     39  0.1267E+01  0.8051E+00
0FUSELAGE SECTION DEFINITION AT X =  23.7130
0      YF             RF      
      0.3335         1.2139
0
0SECTION OF FUSELAGE AT X =  27.4330
0 N       Y           Z          N       Y           Z          N       Y           Z          N       Y           Z
  1 -0.4468E+00  0.0000E+00     13 -0.1069E+00  0.5674E+00     25  0.5783E+00  0.7467E+00     37  0.1230E+01  0.4800E+00
  2 -0.4461E+00  0.2997E-01     14 -0.5580E-01  0.5988E+00     26  0.6381E+00  0.7424E+00     38  0.1271E+01  0.4365E+00
  3 -0.4398E+00  0.8957E-01     15 -0.2940E-02  0.6270E+00     27  0.6976E+00  0.7349E+00     39  0.1309E+01  0.3900E+00
  4 -0.4275E+00  0.1482E+00     16  0.5146E-01  0.6522E+00     28  0.7565E+00  0.7242E+00     40  0.1343E+01  0.3406E+00
  5 -0.4094E+00  0.2053E+00     17  0.1072E+00  0.6744E+00     29  0.8148E+00  0.7102E+00     41  0.1372E+01  0.2884E+00
  6 -0.3858E+00  0.2605E+00     18  0.1640E+00  0.6936E+00     30  0.8723E+00  0.6930E+00     42  0.1397E+01  0.2339E+00
  7 -0.3572E+00  0.3131E+00     19  0.2217E+00  0.7098E+00     31  0.9286E+00  0.6725E+00     43  0.1417E+01  0.1773E+00
  8 -0.3241E+00  0.3631E+00     20  0.2801E+00  0.7232E+00     32  0.9836E+00  0.6486E+00     44  0.1431E+01  0.1192E+00
  9 -0.2870E+00  0.4102E+00     21  0.3392E+00  0.7336E+00     33  0.1037E+01  0.6215E+00     45  0.1440E+01  0.5986E-01
 10 -0.2463E+00  0.4542E+00     22  0.3986E+00  0.7412E+00     34  0.1089E+01  0.5911E+00     46  0.1443E+01  0.0000E+00
 11 -0.2025E+00  0.4951E+00     23  0.4584E+00  0.7459E+00     35  0.1138E+01  0.5573E+00
 12 -0.1559E+00  0.5328E+00     24  0.5183E+00  0.7478E+00     36  0.1185E+01  0.5203E+00
0FUSELAGE SECTION DEFINITION AT X =  27.4330
0      YF             RF      
      0.4980         0.9450
0
0SECTION OF FUSELAGE AT X =  29.3030
0 N       Y           Z          N       Y           Z          N       Y           Z          N       Y           Z
  1  0.3571E+00  0.0000E+00     16  0.5150E+00  0.2414E+00     31  0.8034E+00  0.3169E+00     46  0.1084E+01  0.2219E+00
  2  0.3576E+00  0.1508E-01     17  0.5280E+00  0.2489E+00     32  0.8185E+00  0.3168E+00     47  0.1095E+01  0.2120E+00
  3  0.3616E+00  0.4496E-01     18  0.5548E+00  0.2628E+00     33  0.8486E+00  0.3150E+00     48  0.1116E+01  0.1908E+00
  4  0.3651E+00  0.5963E-01     19  0.5685E+00  0.2691E+00     34  0.8636E+00  0.3134E+00     49  0.1126E+01  0.1795E+00
  5  0.3695E+00  0.7406E-01     20  0.5824E+00  0.2749E+00     35  0.8786E+00  0.3113E+00     50  0.1136E+01  0.1678E+00
  6  0.3809E+00  0.1020E+00     21  0.6107E+00  0.2855E+00     36  0.9082E+00  0.3058E+00     51  0.1153E+01  0.1429E+00
  7  0.3878E+00  0.1154E+00     22  0.6251E+00  0.2901E+00     37  0.9229E+00  0.3022E+00     52  0.1161E+01  0.1299E+00
  8  0.3955E+00  0.1284E+00     23  0.6395E+00  0.2944E+00     38  0.9374E+00  0.2982E+00     53  0.1168E+01  0.1165E+00
  9  0.4128E+00  0.1530E+00     24  0.6688E+00  0.3018E+00     39  0.9661E+00  0.2888E+00     54  0.1179E+01  0.8872E-01
 10  0.4224E+00  0.1647E+00     25  0.6835E+00  0.3050E+00     40  0.9801E+00  0.2833E+00     55  0.1184E+01  0.7438E-01
 11  0.4325E+00  0.1759E+00     26  0.6984E+00  0.3077E+00     41  0.9940E+00  0.2774E+00     56  0.1188E+01  0.5981E-01
 12  0.4542E+00  0.1969E+00     27  0.7282E+00  0.3122E+00     42  0.1021E+01  0.2640E+00     57  0.1193E+01  0.3011E-01
 13  0.4656E+00  0.2067E+00     28  0.7432E+00  0.3139E+00     43  0.1034E+01  0.2565E+00     58  0.1194E+01  0.1508E-01
 14  0.4775E+00  0.2161E+00     29  0.7582E+00  0.3152E+00     44  0.1047E+01  0.2486E+00     59  0.1195E+01  0.0000E+00
 15  0.5022E+00  0.2334E+00     30  0.7883E+00  0.3167E+00     45  0.1072E+01  0.2313E+00
0FUSELAGE SECTION DEFINITION AT X =  29.3030
0      YF             RF      
      0.7759         0.4188
0  N   CORRECTION   I   J   K    RESIDUAL    I   J   K      P1         P3       
   1  0.39338E+00  40   8   3 -0.37562E+00  25   2   2   0.520E+00   0.150E+01
   2  0.41893E+00  40   8   2 -0.30805E+00  25   2   2   0.832E+00   0.102E+01
   3  0.31763E+00  45   2   2 -0.18245E+00  25   2   2   0.102E+01   0.700E+00
   4  0.15534E+00  45   2   2 -0.43807E-01  25   2   2   0.113E+01   0.150E+01
   5  0.92511E-01  45   2   2 -0.20918E-01  25   2   2   0.120E+01   0.102E+01
   6 -0.47246E-01   5   2   2 -0.77980E-02  25   2   2   0.124E+01   0.700E+00
    
    Upper surface. START of the b.l. calculation.
    
      NX= 1  XC= 0.002  NZ NP     Z     CFN       RTHETA      CCZ
 *-- STAGNAT. LINE *--   1 21  0.000  0.342E-05  0.855E+00  0.465E+02
 *-- STAGNAT. LINE *--   2 21  0.200  0.121E-02  0.284E+03  0.595E+07
 *-- STAGNAT. LINE *--   3 21  0.400  0.124E-02  0.228E+03  0.511E+07
 *-- STAGNAT. LINE *--   4 21  0.600  0.158E-02  0.177E+03  0.508E+07
 *-- STAGNAT. LINE *--   5 21  0.800  0.152E-02  0.145E+03  0.461E+07
 *-- STAGNAT. LINE *--   6 21  1.000  0.135E-02  0.708E+02  0.172E+07
 NX= 1 XC= 0.002     1st - pred.  2nd - corr.
  1.792  1.801  1.736  1.559  1.324  1.155
 NX= 3 XC= 0.012     1st - pred.  2nd - corr.
  6.300  7.589  8.973 12.827 19.403 25.570
  6.084  7.368  8.074 11.046 15.625 19.936
 NX= 4 XC= 0.031     1st - pred.  2nd - corr.
  3.549  4.951  5.048  6.451  8.269  9.872
  2.824  4.235  3.938  4.684  5.324  5.427
 NX= 5 XC= 0.060     1st - pred.  2nd - corr.
  1.745  2.667  2.895  3.238  3.032  2.473
 13.489 14.633 13.809 16.158 19.461 20.201
 NX= 6 XC= 0.097     1st - pred.  2nd - corr.
 18.172 20.224 19.270 22.091 26.010 25.918
 16.777 19.246 19.284 21.681 24.564 24.043
 NX= 7 XC= 0.144     1st - pred.  2nd - corr.
 15.300 17.994 18.822 20.008 21.094 19.395
 13.111 16.091 18.024 18.229 17.712 15.204
 NX= 8 XC= 0.202     1st - pred.  2nd - corr.
 12.512 15.415 18.114 17.797 16.553 13.821
 11.194 13.944 17.372 16.379 14.275 11.341
 NX= 9 XC= 0.276     1st - pred.  2nd - corr.
 10.065 12.369 15.999 15.021 13.084 10.468
  8.021  9.799 13.399 12.485 10.833  8.699
 NX=10 XC= 0.366     1st - pred.  2nd - corr.
  7.673  9.002 12.135 11.811 10.989  9.571
  6.869  7.546  9.818 10.312 10.636 10.224
 NX=11 XC= 0.469     1st - pred.  2nd - corr.
  6.837  7.240  9.026  9.747 10.467 10.352
  6.615  6.637  7.588  8.677 10.077 10.540
 NX=12 XC= 0.581     1st - pred.  2nd - corr.
  6.775  6.831  7.595  8.523  9.658  9.991
  6.866  6.912  7.338  8.048  8.889  9.105
 NX=13 XC= 0.693     1st - pred.  2nd - corr.
  7.124  7.239  7.750  8.166  8.527  8.452
  7.534  7.746  8.308  8.239  7.844  7.320
 NX=14 XC= 0.796     1st - pred.  2nd - corr.
  7.395  7.543  8.077  7.937  7.478  7.006
  7.177  7.294  7.836  7.494  6.796  6.325
 NX=15 XC= 0.882     1st - pred.  2nd - corr.
  6.409  6.371  6.596  6.478  6.182  6.071
  5.078  4.805  4.576  4.805  5.106  5.557
 NX=16 XC= 0.946     1st - pred.  2nd - corr.
  4.191  3.782  3.169  3.536  4.124  4.854
 NX=16 XC= 0.946  NP TR NV     Z     CFC       RTHETA    DVISC  DVINV   UEBL
 --- G.C.---      44  2  1  0.400  0.198E-03  0.510E+05  0.966  0.000  0.966
  2.570  1.817  0.470  1.140  2.324  3.627
 NX=17 XC= 0.986     1st - pred.  2nd - corr.
  2.071  1.129 -0.675 -0.168  1.095  2.577
 NX=17 XC= 0.986  NP TR NV     Z     CFC       RTHETA    DVISC  DVINV   UEBL
 --- G.C.---      44  2  1  0.200 -0.286E-03  0.714E+05  0.837  0.000  0.837
  
  WARNING! The friction is limited at XC=  0.9855942      NZ=           3
  
 --- G.C.---      44  2  1  0.400 -0.101E-02  0.108E+05  0.781  0.000  0.781
  
  WARNING! The friction is limited at XC=  0.9855942      NZ=           4
  
 --- G.C.---      44  2  1  0.600 -0.101E-02  0.391E+05  0.822  0.000  0.822
 --- G.C.---      44  2  1  0.800 -0.800E-03  0.370E+05  0.896  0.000  0.896
 ---I.S.W---      44  2  1  1.000  0.138E-03  0.275E+05  0.952  0.000  0.952
  0.849 -0.678 -2.395 -2.395 -1.897  0.326
 NX=17 XC= 0.986     1st - pred.  2nd - corr.
  2.071  0.958  0.284  0.619  1.212  2.577
 NX=17 XC= 0.986  NP TR NV     Z     CFC       RTHETA    DVISC  DVINV   UEBL
 --- G.C.---      44  2  0  0.200  0.416E-04  0.728E+05  0.883  0.046  0.883
 --- G.C.---      44  2  0  0.400  0.440E-04  0.642E+05  0.906  0.124  0.906
 --- G.C.---      44  2  0  0.600  0.452E-04  0.499E+05  0.930  0.108  0.930
 --- G.C.---      44  2  0  0.800  0.420E-04  0.370E+05  0.957  0.061  0.957
 ---I.S.W---      44  2  1  1.000  0.138E-03  0.275E+05  0.952  0.000  0.952
  0.849  0.099  0.104  0.107  0.100  0.326
 NX=18 XC= 1.000     1st - pred.  2nd - corr.
  1.233  0.099  0.110  0.116  0.100 -0.244
 NX=18 XC= 1.000  NP TR NV     Z     CFC       RTHETA    DVISC  DVINV   UEBL
 --- G.C.---      45  2  0  0.200  0.414E-04  0.826E+05  0.852  0.037  0.852
 --- G.C.---      45  2  0  0.400  0.458E-04  0.703E+05  0.885  0.144  0.885
 --- G.C.---      45  2  0  0.600  0.492E-04  0.559E+05  0.904  0.137  0.904
 --- G.C.---      45  2  0  0.800  0.431E-04  0.421E+05  0.922  0.110  0.922
  
  WARNING! The friction is limited at XC=   1.000000      NZ=           6
  
 ---I.S.W---      45  2  1  1.000 -0.104E-02  0.307E+05  0.869  0.000  0.869
  1.532  0.098  0.109  0.117  0.102 -2.466
 NX=18 XC= 1.000     1st - pred.  2nd - corr.
  1.233  0.099  0.115  0.125  0.102  0.212
 NX=18 XC= 1.000  NP TR NV     Z     CFC       RTHETA    DVISC  DVINV   UEBL
 --- G.C.---      45  2  0  0.200  0.414E-04  0.826E+05  0.852  0.037  0.852
 --- G.C.---      45  2  0  0.400  0.501E-04  0.703E+05  0.886  0.144  0.886
 --- G.C.---      45  2  0  0.600  0.568E-04  0.558E+05  0.905  0.137  0.905
 --- G.C.---      45  2  0  0.800  0.445E-04  0.421E+05  0.922  0.110  0.922
 ---I.S.W---      45  2  0  1.000  0.414E-04  0.310E+05  0.915  0.045  0.915
  1.532  0.098  0.119  0.135  0.105  0.098
    
    Upper surface.  END of the b.l. calculation.
    
    
    Lower surface. START of the b.l. calculation.
    
      NX= 1  XC= 0.031  NZ NP     Z     CFN       RTHETA      CCZ
 *-- STAGNAT. LINE *--   1 21  0.000  0.260E-05  0.112E+01  0.399E+02
 *-- STAGNAT. LINE *--   2 21  0.200  0.961E-03  0.364E+03  0.525E+07
 *-- STAGNAT. LINE *--   3 21  0.400  0.881E-03  0.302E+03  0.469E+07
 *-- STAGNAT. LINE *--   4 21  0.600  0.123E-02  0.230E+03  0.469E+07
 *-- STAGNAT. LINE *--   5 21  0.800  0.102E-02  0.203E+03  0.428E+07
 *-- STAGNAT. LINE *--   6 21  1.000  0.101E-02  0.984E+02  0.167E+07
 NX= 1 XC= 0.031     1st - pred.  2nd - corr.
  1.532  0.098  0.119  0.135  0.105  0.098
 NX= 3 XC= 0.097     1st - pred.  2nd - corr.
  2.290  2.083  2.246  2.310  2.234  2.675
  8.066  6.836  6.236  5.963  5.569  6.303
 NX= 4 XC= 0.144     1st - pred.  2nd - corr.
  8.413  7.029  6.109  6.070  6.195  7.125
  8.321  6.775  5.677  5.992  6.676  8.032
 NX= 5 XC= 0.202     1st - pred.  2nd - corr.
  7.965  6.468  5.240  5.654  6.621  8.064
  7.450  6.082  4.937  5.579  6.862  8.598
 NX= 6 XC= 0.276     1st - pred.  2nd - corr.
  7.486  6.262  5.207  5.757  6.863  8.352
  7.362  6.387  5.538  6.055  6.999  8.178
 NX= 7 XC= 0.366     1st - pred.  2nd - corr.
  7.589  6.869  6.183  6.529  7.064  7.777
  7.545  7.210  6.873  6.941  6.849  6.822
 NX= 8 XC= 0.469     1st - pred.  2nd - corr.
  7.640  7.670  7.694  7.460  6.981  6.602
  7.450  7.924  8.548  7.826  6.664  5.712
 NX= 9 XC= 0.581     1st - pred.  2nd - corr.
  7.057  7.662  8.577  7.779  6.614  5.698
  6.161  6.863  8.239  7.337  6.140  5.255
 NX=10 XC= 0.693     1st - pred.  2nd - corr.
  5.573  6.126  7.280  6.683  5.889  5.280
  4.369  4.643  5.458  5.358  5.220  5.081
 NX=11 XC= 0.796     1st - pred.  2nd - corr.
  4.058  4.168  4.682  4.736  4.821  4.873
  3.323  3.148  3.171  3.499  4.017  4.443
 NX=12 XC= 0.882     1st - pred.  2nd - corr.
  3.387  3.102  2.909  3.209  3.643  4.025
  3.301  2.823  2.235  2.525  2.894  3.279
 NX=13 XC= 0.946     1st - pred.  2nd - corr.
  3.450  2.899  2.134  2.351  2.627  2.985
  3.658  2.919  1.798  1.918  2.040  2.363
 NX=14 XC= 0.986     1st - pred.  2nd - corr.
  3.507  2.692  1.359  1.477  1.896  2.485
 NX=14 XC= 0.986  NP TR NV     Z     CFC       RTHETA    DVISC  DVINV   UEBL
 --- G.C.---      41  2  1  0.400  0.193E-03  0.349E+05  0.703  0.000  0.703
  3.270  2.256  0.457  0.565  1.446  2.434
 NX=15 XC= 1.000     1st - pred.  2nd - corr.
  3.403  2.512  1.308  1.971  2.888  3.587
  3.565  2.799  1.906  2.998  4.463  5.113
    
    Lower surface. END of the b.l. calculation.
    
    
    Viscous wake. START of the calculation.
    

 k=  2  TH         H        UB        VB         A         B        UT       VIP
  i 1.091E-02 1.549E+00 8.721E-01                               8.721E-01 0.000E+00 t.edge
 41 1.119E-02 1.507E+00 8.658E-01-1.066E-03 9.389E-01 6.107E-02 8.721E-01 0.000E+00
 42 8.749E-03 1.258E+00 9.322E-01-1.333E-02 9.596E-01 4.037E-02 9.358E-01-6.301E-04
 43 7.461E-03 1.141E+00 9.813E-01-1.869E-03 9.774E-01 2.263E-02 9.814E-01-2.688E-04

 k=  3  TH         H        UB        VB         A         B        UT       VIP
  i 1.290E-02 1.843E+00 8.436E-01                               8.151E-01 0.000E+00 t.edge
 41 1.364E-02 1.785E+00 8.311E-01 2.736E-03 8.818E-01 1.182E-01 8.151E-01 0.000E+00
 42 1.152E-02 1.352E+00 8.728E-01-2.738E-02 9.175E-01 8.253E-02 8.989E-01-1.680E-03
 43 8.781E-03 1.162E+00 9.521E-01-3.194E-03 9.710E-01 2.898E-02 9.524E-01-6.913E-04

 k=  4  TH         H        UB        VB         A         B        UT       VIP
  i 1.162E-02 1.923E+00 8.469E-01                               7.452E-01 0.000E+00 t.edge
 41 1.232E-02 1.884E+00 8.341E-01 7.906E-03 8.748E-01 1.252E-01 7.452E-01 0.000E+00
 42 1.432E-02 1.499E+00 8.016E-01-9.573E-03 8.896E-01 1.104E-01 8.652E-01-7.377E-04
 43 8.570E-03 1.174E+00 9.374E-01-5.324E-03 9.691E-01 3.090E-02 9.378E-01-1.414E-03

 k=  5  TH         H        UB        VB         A         B        UT       VIP
  i 8.672E-03 1.867E+00 8.739E-01                               7.732E-01 0.000E+00 t.edge
 41 9.186E-03 1.836E+00 8.607E-01 8.958E-03 9.122E-01 8.782E-02 7.732E-01 0.000E+00
 42 1.054E-02 1.475E+00 8.298E-01-1.031E-02 9.205E-01 7.951E-02 8.783E-01-3.111E-03
 43 7.004E-03 1.173E+00 9.417E-01-4.655E-03 9.751E-01 2.490E-02 9.420E-01-1.765E-03

 k=  6  TH         H        UB        VB         A         B        UT       VIP
  i 6.023E-03 1.816E+00 8.967E-01                               8.111E-01 0.000E+00 t.edge
 41 6.401E-03 1.786E+00 8.821E-01 8.960E-03 9.427E-01 5.734E-02 8.111E-01 0.000E+00
 42 7.148E-03 1.424E+00 8.565E-01-1.279E-02 9.493E-01 5.071E-02 8.871E-01-4.135E-03
 43 5.213E-03 1.163E+00 9.463E-01-3.692E-03 9.821E-01 1.791E-02 9.467E-01-8.298E-04

 k=  7  TH         H        UB        VB         A         B        UT       VIP
  i 4.478E-03 1.748E+00 8.775E-01                               8.422E-01 0.000E+00 t.edge
 41 4.721E-03 1.712E+00 8.649E-01 4.285E-03 9.621E-01 3.787E-02 8.422E-01 0.000E+00
 42 4.505E-03 1.344E+00 8.777E-01-1.801E-02 9.711E-01 2.887E-02 8.941E-01 2.208E-03
 43 3.506E-03 1.144E+00 9.510E-01-2.425E-03 9.886E-01 1.138E-02 9.516E-01 3.145E-03
    
    Viscous wake. END of the calculation.
    
   7  0.62164E-01   1   8   4 -0.88997E-02  32   8   2   0.126E+01   0.150E+01
   8  0.26178E-01   1   8   5  0.50801E-02   2   4   6   0.128E+01   0.102E+01
   9  0.22663E-01   1   2   2  0.30901E-02   2   4   6   0.129E+01   0.700E+00
  10  0.11965E-01   1   2   2  0.11218E-02   2   2   4   0.129E+01   0.150E+01
  11  0.92983E-02   1   4   2  0.77612E-03   2   4   6   0.130E+01   0.102E+01
  12  0.62924E-02   1   2   2  0.68427E-03  25   2   2   0.130E+01   0.700E+00
    
    Upper surface. START of the b.l. calculation.
    
      NX= 1  XC= 0.002  NZ NP     Z     CFN       RTHETA      CCZ
 *-- STAGNAT. LINE *--   1 21  0.000  0.342E-05  0.865E+00  0.475E+02
 *-- STAGNAT. LINE *--   2 21  0.200  0.121E-02  0.281E+03  0.582E+07
 *-- STAGNAT. LINE *--   3 21  0.400  0.121E-02  0.223E+03  0.486E+07
 *-- STAGNAT. LINE *--   4 21  0.600  0.164E-02  0.160E+03  0.419E+07
 *-- STAGNAT. LINE *--   5 21  0.800  0.145E-02  0.143E+03  0.447E+07
 *-- STAGNAT. LINE *--   6 21  1.000  0.132E-02  0.706E+02  0.172E+07
 NX= 1 XC= 0.002     1st - pred.  2nd - corr.
  3.565  2.799  1.906  2.998  4.463  5.113
 NX= 3 XC= 0.012     1st - pred.  2nd - corr.
  6.197  7.498  8.680 12.207 18.035 24.346
  6.024  7.289  7.899 10.704 14.820 19.321
 NX= 4 XC= 0.031     1st - pred.  2nd - corr.
  3.550  4.902  4.961  6.265  7.993  9.979
  2.851  4.196  3.892  4.574  5.298  5.920
 NX= 5 XC= 0.060     1st - pred.  2nd - corr.
  1.676  2.589  2.817  3.140  3.092  2.711
 13.156 14.343 13.365 15.429 18.410 19.691
 NX= 6 XC= 0.097     1st - pred.  2nd - corr.
 17.616 19.680 18.485 20.892 24.205 24.611
 16.129 18.557 18.409 20.470 22.902 22.748
 NX= 7 XC= 0.144     1st - pred.  2nd - corr.
 14.718 17.349 18.038 19.008 19.865 18.397
 12.686 15.562 17.408 17.534 16.998 14.595
 NX= 8 XC= 0.202     1st - pred.  2nd - corr.
 12.234 15.092 17.721 17.406 16.280 13.630
 11.139 13.902 17.308 16.411 14.581 11.705
 NX= 9 XC= 0.276     1st - pred.  2nd - corr.
 10.429 12.842 16.505 15.666 14.090 11.584
  8.976 10.991 14.711 13.984 12.768 10.839
 NX=10 XC= 0.366     1st - pred.  2nd - corr.
  8.405  9.852 13.004 12.804 12.298 11.035
  7.291  7.915 10.116 10.637 11.167 10.902
 NX=11 XC= 0.469     1st - pred.  2nd - corr.
  7.037  7.384  9.074  9.789 10.644 10.729
  6.450  6.412  7.235  8.217  9.616 10.314
 NX=12 XC= 0.581     1st - pred.  2nd - corr.
  6.599  6.584  7.238  8.050  9.187  9.734
  6.639  6.620  6.939  7.521  8.338  8.725
 NX=13 XC= 0.693     1st - pred.  2nd - corr.
  6.901  6.942  7.336  7.639  8.001  8.095
  7.307  7.430  7.839  7.688  7.338  6.948
 NX=14 XC= 0.796     1st - pred.  2nd - corr.
  7.176  7.236  7.605  7.383  6.990  6.655
  6.979  7.014  7.341  6.931  6.330  5.991
 NX=15 XC= 0.882     1st - pred.  2nd - corr.
  6.235  6.124  6.101  5.907  5.714  5.776
  4.941  4.612  4.058  4.206  4.623  5.314
 NX=16 XC= 0.946     1st - pred.  2nd - corr.
  4.077  3.608  2.553  2.861  3.630  4.668
 NX=16 XC= 0.946  NP TR NV     Z     CFC       RTHETA    DVISC  DVINV   UEBL
 --- G.C.---      44  2  0  0.400 -0.133E-03  0.537E+05 -0.048  0.010  0.918
 --- G.C.---      44  2  0  0.600  0.135E-03  0.418E+05 -0.050  0.009  0.949
  2.498  1.678 -0.316  0.319  1.777  3.505
 NX=17 XC= 0.986     1st - pred.  2nd - corr.
  2.046  1.251 -0.108  0.176  1.110  2.618
 NX=17 XC= 0.986  NP TR NV     Z     CFC       RTHETA    DVISC  DVINV   UEBL
 --- G.C.---      45  2  0  0.200  0.779E-05  0.724E+05 -0.029  0.016  0.854
 --- G.C.---      45  2  0  0.400 -0.209E-03  0.638E+05 -0.050  0.063  0.856
 --- G.C.---      45  2  0  0.600 -0.278E-03  0.518E+05 -0.056  0.060  0.874
 --- G.C.---      45  2  0  0.800 -0.225E-03  0.381E+05 -0.051  0.036  0.906
  0.904  0.018 -0.495 -0.659 -0.533  0.657
 NX=18 XC= 1.000     1st - pred.  2nd - corr.
  0.587 -0.056 -0.511 -0.467 -0.318  0.066
 NX=18 XC= 1.000  NP TR NV     Z     CFC       RTHETA    DVISC  DVINV   UEBL
 ---I.S.W---      45  2  0  0.000 -0.102E-03  0.829E+05 -0.061  0.019  0.811
 --- G.C.---      45  2  0  0.200 -0.196E-03  0.822E+05 -0.035  0.036  0.816
 --- G.C.---      45  2  0  0.400 -0.227E-03  0.729E+05 -0.042  0.097  0.843
 --- G.C.---      45  2  0  0.600 -0.196E-03  0.590E+05 -0.046  0.097  0.858
 --- G.C.---      45  2  0  0.800 -0.213E-03  0.436E+05 -0.046  0.082  0.875
 ---I.S.W---      45  2  0  1.000 -0.676E-03  0.320E+05 -0.028  0.049  0.886
 -0.242 -0.465 -0.538 -0.463 -0.504 -1.603
    
    Upper surface.  END of the b.l. calculation.
    
    
    Lower surface. START of the b.l. calculation.
    
      NX= 1  XC= 0.031  NZ NP     Z     CFN       RTHETA      CCZ
 *-- STAGNAT. LINE *--   1 21  0.000  0.259E-05  0.114E+01  0.408E+02
 *-- STAGNAT. LINE *--   2 21  0.200  0.960E-03  0.359E+03  0.513E+07
 *-- STAGNAT. LINE *--   3 21  0.400  0.859E-03  0.295E+03  0.446E+07
 *-- STAGNAT. LINE *--   4 21  0.600  0.130E-02  0.209E+03  0.394E+07
 *-- STAGNAT. LINE *--   5 21  0.800  0.969E-03  0.199E+03  0.414E+07
 *-- STAGNAT. LINE *--   6 21  1.000  0.988E-03  0.979E+02  0.167E+07
 NX= 1 XC= 0.031     1st - pred.  2nd - corr.
 -0.242 -0.465 -0.538 -0.463 -0.504 -1.603
 NX= 3 XC= 0.097     1st - pred.  2nd - corr.
  2.311  2.146  2.350  2.502  2.440  2.824
  8.154  7.041  6.521  6.382  6.017  6.618
 NX= 4 XC= 0.144     1st - pred.  2nd - corr.
  8.493  7.222  6.360  6.460  6.573  7.437
  8.390  6.952  5.911  6.355  7.022  8.346
 NX= 5 XC= 0.202     1st - pred.  2nd - corr.
  8.029  6.626  5.452  5.946  6.912  8.329
  7.506  6.220  5.138  5.852  7.131  8.858
 NX= 6 XC= 0.276     1st - pred.  2nd - corr.
  7.545  6.392  5.406  6.033  7.127  8.594
  7.425  6.504  5.732  6.321  7.240  8.381
 NX= 7 XC= 0.366     1st - pred.  2nd - corr.
  7.654  6.980  6.391  6.808  7.318  7.968
  7.613  7.308  7.089  7.222  7.096  6.971
 NX= 8 XC= 0.469     1st - pred.  2nd - corr.
  7.714  7.761  7.931  7.763  7.244  6.754
  7.531  8.002  8.811  8.153  6.939  5.851
 NX= 9 XC= 0.581     1st - pred.  2nd - corr.
  7.136  7.740  8.852  8.117  6.897  5.842
  6.236  6.936  8.530  7.690  6.431  5.404
 NX=10 XC= 0.693     1st - pred.  2nd - corr.
  5.645  6.209  7.569  7.036  6.190  5.436
  4.433  4.737  5.742  5.705  5.529  5.248
 NX=11 XC= 0.796     1st - pred.  2nd - corr.
  4.123  4.285  4.975  5.091  5.154  5.050
  3.388  3.299  3.474  3.855  4.379  4.631
 NX=12 XC= 0.882     1st - pred.  2nd - corr.
  3.458  3.283  3.266  3.613  4.059  4.244
  3.380  3.049  2.665  2.994  3.388  3.535
 NX=13 XC= 0.946     1st - pred.  2nd - corr.
  3.556  3.186  2.683  2.944  3.226  3.306
  3.812  3.314  2.535  2.702  2.799  2.776
 NX=14 XC= 0.986     1st - pred.  2nd - corr.
  3.733  3.200  2.281  2.493  2.828  3.000
  3.628  2.976  1.709  1.988  2.689  3.165
 NX=15 XC= 1.000     1st - pred.  2nd - corr.
  2.810  2.378  1.271  1.651  2.374  2.834
 NX=15 XC= 1.000  NP TR NV     Z     CFC       RTHETA    DVISC  DVINV   UEBL
 --- G.C.---      41  2  0  0.400  0.836E-04  0.359E+05 -0.006 -0.010  0.724
  1.297  1.211  0.198  0.759  1.776  2.409
    
    Lower surface. END of the b.l. calculation.
    
    
    Viscous wake. START of the calculation.
    

 k=  2  TH         H        UB        VB         A         B        UT       VIP
  i 1.433E-02 1.871E+00 8.052E-01                               7.907E-01-5.602E-02 t.edge
 41 1.203E-02 1.588E+00 8.446E-01-5.834E-02 8.999E-01 1.001E-01 8.723E-01-5.602E-02
 42 8.821E-03 1.273E+00 9.270E-01-9.747E-03 9.612E-01 3.879E-02 9.267E-01-1.173E-02
 43 7.502E-03 1.145E+00 9.766E-01-2.046E-03 9.768E-01 2.324E-02 9.766E-01-1.869E-03

 k=  3  TH         H        UB        VB         A         B        UT       VIP
  i 1.395E-02 2.108E+00 8.078E-01                               7.804E-01-9.403E-02 t.edge
 41 1.179E-02 1.690E+00 8.443E-01-9.194E-02 8.729E-01 1.271E-01 8.281E-01-9.403E-02
 42 9.819E-03 1.330E+00 8.918E-01-1.009E-02 9.534E-01 4.659E-02 8.843E-01-3.178E-02
 43 8.099E-03 1.159E+00 9.484E-01-3.176E-03 9.729E-01 2.709E-02 9.484E-01-2.767E-03

 k=  4  TH         H        UB        VB         A         B        UT       VIP
  i 1.270E-02 2.691E+00 8.212E-01                               7.493E-01-1.138E-01 t.edge
 41 1.272E-02 2.091E+00 8.210E-01-1.124E-01 7.079E-01 2.921E-01 7.872E-01-1.138E-01
 42 1.048E-02 1.409E+00 8.673E-01-3.442E-02 9.337E-01 6.626E-02 8.437E-01-5.620E-02
 43 8.333E-03 1.175E+00 9.329E-01-5.439E-03 9.688E-01 3.118E-02 9.333E-01-3.221E-03

 k=  5  TH         H        UB        VB         A         B        UT       VIP
  i 9.670E-03 2.426E+00 8.403E-01                               7.674E-01-9.949E-02 t.edge
 41 9.320E-03 1.969E+00 8.479E-01-9.701E-02 8.349E-01 1.651E-01 8.061E-01-9.949E-02
 42 8.183E-03 1.408E+00 8.798E-01-2.353E-02 9.513E-01 4.874E-02 8.598E-01-4.863E-02
 43 6.674E-03 1.173E+00 9.387E-01-4.766E-03 9.756E-01 2.441E-02 9.390E-01-3.102E-03

 k=  6  TH         H        UB        VB         A         B        UT       VIP
  i 6.700E-03 2.163E+00 8.565E-01                               7.950E-01-8.081E-02 t.edge
 41 6.224E-03 1.825E+00 8.727E-01-7.699E-02 9.183E-01 8.175E-02 8.322E-01-8.081E-02
 42 5.836E-03 1.386E+00 8.892E-01-1.372E-02 9.680E-01 3.202E-02 8.761E-01-3.781E-02
 43 4.818E-03 1.161E+00 9.452E-01-3.606E-03 9.832E-01 1.677E-02 9.453E-01-3.047E-03

 k=  7  TH         H        UB        VB         A         B        UT       VIP
  i 4.998E-03 1.984E+00 8.468E-01                               8.131E-01-6.353E-02 t.edge
 41 4.535E-03 1.719E+00 8.689E-01-6.069E-02 9.523E-01 4.770E-02 8.511E-01-6.353E-02
 42 4.121E-03 1.339E+00 8.938E-01-1.086E-02 9.789E-01 2.105E-02 8.889E-01-2.439E-02
 43 3.403E-03 1.144E+00 9.503E-01-2.430E-03 9.889E-01 1.113E-02 9.503E-01-2.253E-03
    
    Viscous wake. END of the calculation.
    
  13 -0.49203E-01  40   8   4 -0.29734E-02  39   8   4   0.130E+01   0.150E+01
